<?xml version="1.0" encoding="UTF-8"?>
<testsuites name="TestSuiteWithExcelFile" time="11" tests="0" failures="0" errors="2">
   <testsuite name="TestSuiteWithExcelFile" tests="0" failures="0" errors="2" time="11" timestamp="2018-08-17 11:18:21" hostname="jessica vega - TDG-MBL-MTY0160.mshome.net" id="Test Suites/TestSuiteWithExcelFile">
      <properties>
         <property name="deviceName" value=""/>
         <property name="devicePlatform" value=""/>
         <property name="logFolder" value="C:\\Users\\jessica vega\\git\\KatalonGitTest\\Reports\\TestSuiteWithExcelFile\\20180817_111820"/>
         <property name="logFiles" value="C:\\Users\\jessica vega\\git\\KatalonGitTest\\Reports\\TestSuiteWithExcelFile\\20180817_111820\\execution0.log"/>
         <property name="attachments" value=""/>
         <property name="hostName" value="jessica vega - TDG-MBL-MTY0160.mshome.net"/>
         <property name="os" value="Windows 10 64bit"/>
         <property name="katalonVersion" value="5.6.0.1"/>
         <property name="browser" value="Firefox 61.0"/>
         <property name="hostAddress" value="172.25.29.97"/>
         <property name="sessionId" value="99d956bb-6db6-4da9-b02f-4571ff6742d2"/>
         <property name="seleniumVersion" value="3.7.1"/>
         <property name="proxyInformation" value="ProxyInformation{proxyOption=NO_PROXY, proxyServerType=HTTP, password=, proxyServerAddress=, proxyServerPort=0}"/>
         <property name="platform" value="Windows 10"/>
      </properties>
      <testcase name="Test Cases/Environments/TC1EnvWithExcelFile" classname="Test Cases/Environments/TC1EnvWithExcelFile" status="ERROR">
         <error type="ERROR" message="Test Cases/Environments/TC1EnvWithExcelFile FAILED because (of) groovy.lang.MissingMethodException: No signature of method: Script1534521305886.findTestData() is applicable for argument types: (java.lang.String) values: [dataSourceFiles/dataSource]"/>
         <system-out><![CDATA[2018-08-17 11:18:21 - [TEST_CASE][ERROR] - Test Cases/Environments/TC1EnvWithExcelFile: Test Cases/Environments/TC1EnvWithExcelFile FAILED because (of) groovy.lang.MissingMethodException: No signature of method: Script1534521305886.findTestData() is applicable for argument types: (java.lang.String) values: [dataSourceFiles/dataSource]

2018-08-17 11:18:21 - [TEST_STEP][PASSED] - openBrowser: Browser is opened with url: ''

2018-08-17 11:18:24 - [MESSAGE][PASSED] - Browser is opened with url: ''

2018-08-17 11:18:24 - [TEST_STEP][PASSED] - navigateToUrl: Navigate to 'https://s2.demo.opensourcecms.com/orangehrm/symfony/web/index.php/auth/login' successfully

2018-08-17 11:18:27 - [MESSAGE][PASSED] - Navigate to 'https://s2.demo.opensourcecms.com/orangehrm/symfony/web/index.php/auth/login' successfully

2018-08-17 11:18:27 - [TEST_STEP][PASSED] - setText: Finding Test Object with id 'Object Repository/OrangeHRCRM/Page_/input_txtUsername']]></system-out>
         <system-err><![CDATA[2018-08-17 11:18:21 - [TEST_CASE][ERROR] - Test Cases/Environments/TC1EnvWithExcelFile: Test Cases/Environments/TC1EnvWithExcelFile FAILED because (of) groovy.lang.MissingMethodException: No signature of method: Script1534521305886.findTestData() is applicable for argument types: (java.lang.String) values: [dataSourceFiles/dataSource]]]></system-err>
      </testcase>
      <testcase name="Test Cases/Environments/TC1EnvWithExcelFile" classname="Test Cases/Environments/TC1EnvWithExcelFile" status="ERROR">
         <error type="ERROR" message="Test Cases/Environments/TC1EnvWithExcelFile FAILED because (of) groovy.lang.MissingMethodException: No signature of method: Script1534521305886.findTestData() is applicable for argument types: (java.lang.String) values: [dataSourceFiles/dataSource]"/>
         <system-out><![CDATA[2018-08-17 11:18:27 - [TEST_CASE][ERROR] - Test Cases/Environments/TC1EnvWithExcelFile: Test Cases/Environments/TC1EnvWithExcelFile FAILED because (of) groovy.lang.MissingMethodException: No signature of method: Script1534521305886.findTestData() is applicable for argument types: (java.lang.String) values: [dataSourceFiles/dataSource]

2018-08-17 11:18:27 - [TEST_STEP][PASSED] - openBrowser: Browser is opened with url: ''

2018-08-17 11:18:27 - [MESSAGE][WARNING] - A browser is already opened. Closing browser and opening a new one

2018-08-17 11:18:30 - [MESSAGE][PASSED] - Browser is opened with url: ''

2018-08-17 11:18:30 - [TEST_STEP][PASSED] - navigateToUrl: Navigate to 'https://s2.demo.opensourcecms.com/orangehrm/symfony/web/index.php/auth/login' successfully

2018-08-17 11:18:32 - [MESSAGE][PASSED] - Navigate to 'https://s2.demo.opensourcecms.com/orangehrm/symfony/web/index.php/auth/login' successfully

2018-08-17 11:18:32 - [TEST_STEP][PASSED] - setText: Finding Test Object with id 'Object Repository/OrangeHRCRM/Page_/input_txtUsername']]></system-out>
         <system-err><![CDATA[2018-08-17 11:18:27 - [TEST_CASE][ERROR] - Test Cases/Environments/TC1EnvWithExcelFile: Test Cases/Environments/TC1EnvWithExcelFile FAILED because (of) groovy.lang.MissingMethodException: No signature of method: Script1534521305886.findTestData() is applicable for argument types: (java.lang.String) values: [dataSourceFiles/dataSource]]]></system-err>
      </testcase>
      <system-out><![CDATA[2018-08-17 11:18:21 - [TEST_SUITE][ERROR] - TestSuiteWithExcelFile: Test Cases/Environments/TC1EnvWithExcelFile FAILED because (of) groovy.lang.MissingMethodException: No signature of method: Script1534521305886.findTestData() is applicable for argument types: (java.lang.String) values: [dataSourceFiles/dataSource]]]></system-out>
      <system-err><![CDATA[2018-08-17 11:18:21 - [TEST_SUITE][ERROR] - TestSuiteWithExcelFile: Test Cases/Environments/TC1EnvWithExcelFile FAILED because (of) groovy.lang.MissingMethodException: No signature of method: Script1534521305886.findTestData() is applicable for argument types: (java.lang.String) values: [dataSourceFiles/dataSource]]]></system-err>
   </testsuite>
</testsuites>
